{"/Users/sanazahlan/Desktop/Epicodus/Super-Galactic-Age-Calculator/src/person.js": {"path":"/Users/sanazahlan/Desktop/Epicodus/Super-Galactic-Age-Calculator/src/person.js","statementMap":{"0":{"start":{"line":3,"column":4},"end":{"line":3,"column":19}},"1":{"start":{"line":4,"column":4},"end":{"line":4,"column":47}}},"fnMap":{"0":{"name":"(anonymous_0)","decl":{"start":{"line":2,"column":2},"end":{"line":2,"column":3}},"loc":{"start":{"line":2,"column":38},"end":{"line":5,"column":3}},"line":2}},"branchMap":{},"s":{"0":1,"1":1},"f":{"0":1},"b":{},"_coverageSchema":"43e27e138ebf9cfc5966b082cf9a028302ed4184","hash":"9dee652889cc55a567fae1ea09e1e4d10c7ce177"}
}
